  [1m[36m (213.3ms)[0m  [1mCREATE TABLE "schema_migrations" ("version" varchar(255) NOT NULL) [0m
  [1m[35m (0.0ms)[0m  select sqlite_version(*)
  [1m[36m (109.4ms)[0m  [1mCREATE UNIQUE INDEX "unique_schema_migrations" ON "schema_migrations" ("version")[0m
  [1m[35mActiveRecord::SchemaMigration Load (0.0ms)[0m  SELECT "schema_migrations".* FROM "schema_migrations"
Migrating to CreateArticles (20141202213901)
  [1m[36m (0.0ms)[0m  [1mbegin transaction[0m
  [1m[35m (15.6ms)[0m  CREATE TABLE "articles" ("id" INTEGER PRIMARY KEY AUTOINCREMENT NOT NULL, "title" varchar(255), "text" text, "created_at" datetime, "updated_at" datetime) 
  [1m[36mSQL (0.0ms)[0m  [1mINSERT INTO "schema_migrations" ("version") VALUES (?)[0m  [["version", "20141202213901"]]
  [1m[35m (93.8ms)[0m  commit transaction
Migrating to CreateComments (20141203020035)
  [1m[36m (0.0ms)[0m  [1mbegin transaction[0m
  [1m[35m (0.0ms)[0m  CREATE TABLE "comments" ("id" INTEGER PRIMARY KEY AUTOINCREMENT NOT NULL, "commenter" varchar(255), "body" text, "article_id" integer, "created_at" datetime, "updated_at" datetime) 
  [1m[36m (0.0ms)[0m  [1mCREATE  INDEX "index_comments_on_article_id" ON "comments" ("article_id")[0m
  [1m[35mSQL (0.0ms)[0m  INSERT INTO "schema_migrations" ("version") VALUES (?)  [["version", "20141203020035"]]
  [1m[36m (93.8ms)[0m  [1mcommit transaction[0m
  [1m[35mActiveRecord::SchemaMigration Load (0.0ms)[0m  SELECT "schema_migrations".* FROM "schema_migrations"
  [1m[36m (0.0ms)[0m  [1m            SELECT sql
            FROM sqlite_master
            WHERE name='index_comments_on_article_id' AND type='index'
            UNION ALL
            SELECT sql
            FROM sqlite_temp_master
            WHERE name='index_comments_on_article_id' AND type='index'
[0m


Started GET "/" for 127.0.0.1 at 2015-11-21 11:53:42 +0100
  [1m[36mActiveRecord::SchemaMigration Load (0.0ms)[0m  [1mSELECT "schema_migrations".* FROM "schema_migrations"[0m
Processing by WelcomeController#index as HTML
  Rendered welcome/index.html.erb within layouts/application (3.5ms)
Completed 200 OK in 10965ms (Views: 10935.7ms | ActiveRecord: 0.0ms)


Started GET "/assets/articles.css?body=1" for 127.0.0.1 at 2015-11-21 11:53:54 +0100


Started GET "/assets/comments.css?body=1" for 127.0.0.1 at 2015-11-21 11:53:54 +0100


Started GET "/assets/welcome.css?body=1" for 127.0.0.1 at 2015-11-21 11:53:54 +0100


Started GET "/assets/application.css?body=1" for 127.0.0.1 at 2015-11-21 11:53:54 +0100


Started GET "/assets/jquery.js?body=1" for 127.0.0.1 at 2015-11-21 11:53:54 +0100


Started GET "/assets/jquery_ujs.js?body=1" for 127.0.0.1 at 2015-11-21 11:53:54 +0100


Started GET "/assets/turbolinks.js?body=1" for 127.0.0.1 at 2015-11-21 11:53:54 +0100


Started GET "/assets/articles.js?body=1" for 127.0.0.1 at 2015-11-21 11:53:54 +0100


Started GET "/assets/comments.js?body=1" for 127.0.0.1 at 2015-11-21 11:53:54 +0100


Started GET "/assets/application.js?body=1" for 127.0.0.1 at 2015-11-21 11:53:54 +0100


Started GET "/assets/welcome.js?body=1" for 127.0.0.1 at 2015-11-21 11:53:54 +0100


Started GET "/articles" for 127.0.0.1 at 2015-11-21 11:53:57 +0100
Processing by ArticlesController#index as HTML
  [1m[35mArticle Load (0.0ms)[0m  SELECT "articles".* FROM "articles"
  Rendered articles/index.html.erb within layouts/application (0.0ms)
Completed 200 OK in 156ms (Views: 156.3ms | ActiveRecord: 0.0ms)


Started GET "/articles/new" for 127.0.0.1 at 2015-11-21 11:54:00 +0100
Processing by ArticlesController#new as HTML
Filter chain halted as #<Proc:0x5abe338@C:/RailsInstaller/Ruby2.1.0/lib/ruby/gems/2.1.0/gems/actionpack-4.1.6/lib/action_controller/metal/http_authentication.rb:71> rendered or redirected
Completed 401 Unauthorized in 1ms (ActiveRecord: 0.0ms)


Started GET "/articles/new" for 127.0.0.1 at 2015-11-21 11:56:15 +0100
Processing by ArticlesController#new as HTML
  Rendered articles/_form.html.erb (30.0ms)
  Rendered articles/new.html.erb within layouts/application (39.0ms)
Completed 200 OK in 112ms (Views: 107.1ms | ActiveRecord: 1.0ms)


Started GET "/articles/new" for 127.0.0.1 at 2015-11-21 11:56:15 +0100
Processing by ArticlesController#new as HTML
  Rendered articles/_form.html.erb (2.0ms)
  Rendered articles/new.html.erb within layouts/application (4.0ms)
Completed 200 OK in 76ms (Views: 75.1ms | ActiveRecord: 0.0ms)


Started POST "/articles" for 127.0.0.1 at 2015-11-21 11:57:24 +0100
Processing by ArticlesController#create as HTML
  Parameters: {"utf8"=>"✓", "authenticity_token"=>"PJ/SvB4PTgjZQ06bDKueBspUtB/K1w0ZXBx3QCoZB9o=", "article"=>{"title"=>"article 1", "text"=>"testing"}, "commit"=>"Create Article"}
Filter chain halted as #<Proc:0x61c78c8@C:/RailsInstaller/Ruby2.1.0/lib/ruby/gems/2.1.0/gems/actionpack-4.1.6/lib/action_controller/metal/http_authentication.rb:71> rendered or redirected
Completed 401 Unauthorized in 3ms (ActiveRecord: 0.0ms)


Started POST "/articles" for 127.0.0.1 at 2015-11-21 11:57:24 +0100
Processing by ArticlesController#create as HTML
  Parameters: {"utf8"=>"✓", "authenticity_token"=>"PJ/SvB4PTgjZQ06bDKueBspUtB/K1w0ZXBx3QCoZB9o=", "article"=>{"title"=>"article 1", "text"=>"testing"}, "commit"=>"Create Article"}
  [1m[36m (0.0ms)[0m  [1mbegin transaction[0m
  [1m[35mSQL (2.5ms)[0m  INSERT INTO "articles" ("created_at", "text", "title", "updated_at") VALUES (?, ?, ?, ?)  [["created_at", "2015-11-21 10:57:24.422953"], ["text", "testing"], ["title", "article 1"], ["updated_at", "2015-11-21 10:57:24.422953"]]
  [1m[36m (101.8ms)[0m  [1mcommit transaction[0m
Redirected to http://127.0.0.1:3000/articles/1
Completed 302 Found in 133ms (ActiveRecord: 104.3ms)


Started GET "/articles/1" for 127.0.0.1 at 2015-11-21 11:57:24 +0100
Processing by ArticlesController#show as HTML
  Parameters: {"id"=>"1"}
  [1m[35mArticle Load (1.0ms)[0m  SELECT  "articles".* FROM "articles"  WHERE "articles"."id" = ? LIMIT 1  [["id", 1]]
  [1m[36mComment Load (0.5ms)[0m  [1mSELECT "comments".* FROM "comments"  WHERE "comments"."article_id" = ?[0m  [["article_id", 1]]
  Rendered collection (0.0ms)
  Rendered comments/_form.html.erb (16.0ms)
  Rendered articles/show.html.erb within layouts/application (92.9ms)
Completed 200 OK in 170ms (Views: 161.8ms | ActiveRecord: 2.5ms)


Started POST "/articles/1/comments" for 127.0.0.1 at 2015-11-21 11:57:53 +0100
Processing by CommentsController#create as HTML
  Parameters: {"utf8"=>"✓", "authenticity_token"=>"PJ/SvB4PTgjZQ06bDKueBspUtB/K1w0ZXBx3QCoZB9o=", "comment"=>{"commenter"=>"first comment", "body"=>"this is a test"}, "commit"=>"Create Comment", "article_id"=>"1"}
  [1m[35mArticle Load (0.0ms)[0m  SELECT  "articles".* FROM "articles"  WHERE "articles"."id" = ? LIMIT 1  [["id", 1]]
  [1m[36m (0.0ms)[0m  [1mbegin transaction[0m
  [1m[35mSQL (0.0ms)[0m  INSERT INTO "comments" ("article_id", "body", "commenter", "created_at", "updated_at") VALUES (?, ?, ?, ?, ?)  [["article_id", 1], ["body", "this is a test"], ["commenter", "first comment"], ["created_at", "2015-11-21 10:57:53.275040"], ["updated_at", "2015-11-21 10:57:53.275040"]]
  [1m[36m (152.3ms)[0m  [1mcommit transaction[0m
Redirected to http://127.0.0.1:3000/articles/1
Completed 302 Found in 166ms (ActiveRecord: 152.3ms)


Started GET "/articles/1" for 127.0.0.1 at 2015-11-21 11:57:53 +0100
Processing by ArticlesController#show as HTML
  Parameters: {"id"=>"1"}
  [1m[35mArticle Load (0.0ms)[0m  SELECT  "articles".* FROM "articles"  WHERE "articles"."id" = ? LIMIT 1  [["id", 1]]
  [1m[36mComment Load (0.5ms)[0m  [1mSELECT "comments".* FROM "comments"  WHERE "comments"."article_id" = ?[0m  [["article_id", 1]]
  Rendered comments/_comment.html.erb (1.0ms)
  Rendered comments/_form.html.erb (5.0ms)
  Rendered articles/show.html.erb within layouts/application (18.9ms)
Completed 200 OK in 118ms (Views: 113.3ms | ActiveRecord: 0.5ms)


Started GET "/articles" for 127.0.0.1 at 2015-11-21 11:58:45 +0100
Processing by ArticlesController#index as HTML
  [1m[35mArticle Load (0.0ms)[0m  SELECT "articles".* FROM "articles"
  Rendered articles/index.html.erb within layouts/application (3.0ms)
Completed 200 OK in 67ms (Views: 66.0ms | ActiveRecord: 0.0ms)


Started GET "/articles/new" for 127.0.0.1 at 2015-11-21 11:58:48 +0100
Processing by ArticlesController#new as HTML
  Rendered articles/_form.html.erb (2.0ms)
  Rendered articles/new.html.erb within layouts/application (5.3ms)
Completed 200 OK in 71ms (Views: 71.5ms | ActiveRecord: 0.0ms)


Started POST "/articles" for 127.0.0.1 at 2015-11-21 12:01:25 +0100
Processing by ArticlesController#create as HTML
  Parameters: {"utf8"=>"✓", "authenticity_token"=>"PJ/SvB4PTgjZQ06bDKueBspUtB/K1w0ZXBx3QCoZB9o=", "article"=>{"title"=>"article 2", "text"=>"test 2"}, "commit"=>"Create Article"}
  [1m[36m (0.0ms)[0m  [1mbegin transaction[0m
  [1m[35mSQL (2.0ms)[0m  INSERT INTO "articles" ("created_at", "text", "title", "updated_at") VALUES (?, ?, ?, ?)  [["created_at", "2015-11-21 11:01:25.329821"], ["text", "test 2"], ["title", "article 2"], ["updated_at", "2015-11-21 11:01:25.329821"]]
  [1m[36m (208.7ms)[0m  [1mcommit transaction[0m
Redirected to http://127.0.0.1:3000/articles/2
Completed 302 Found in 217ms (ActiveRecord: 210.7ms)


Started GET "/articles/2" for 127.0.0.1 at 2015-11-21 12:01:25 +0100
Processing by ArticlesController#show as HTML
  Parameters: {"id"=>"2"}
  [1m[35mArticle Load (0.5ms)[0m  SELECT  "articles".* FROM "articles"  WHERE "articles"."id" = ? LIMIT 1  [["id", 2]]
  [1m[36mComment Load (0.5ms)[0m  [1mSELECT "comments".* FROM "comments"  WHERE "comments"."article_id" = ?[0m  [["article_id", 2]]
  Rendered collection (0.0ms)
  Rendered comments/_form.html.erb (2.0ms)
  Rendered articles/show.html.erb within layouts/application (6.8ms)
Completed 200 OK in 73ms (Views: 69.8ms | ActiveRecord: 1.0ms)


Started GET "/assets/comments.css?body=1" for 127.0.0.1 at 2015-11-21 12:01:25 +0100


Started GET "/assets/welcome.css?body=1" for 127.0.0.1 at 2015-11-21 12:01:25 +0100


Started GET "/assets/articles.css?body=1" for 127.0.0.1 at 2015-11-21 12:01:25 +0100


Started GET "/assets/application.css?body=1" for 127.0.0.1 at 2015-11-21 12:01:25 +0100


Started GET "/assets/welcome.js?body=1" for 127.0.0.1 at 2015-11-21 12:01:25 +0100


Started GET "/assets/articles.js?body=1" for 127.0.0.1 at 2015-11-21 12:01:25 +0100


Started GET "/assets/application.js?body=1" for 127.0.0.1 at 2015-11-21 12:01:25 +0100


Started GET "/assets/comments.js?body=1" for 127.0.0.1 at 2015-11-21 12:01:25 +0100


Started GET "/articles" for 127.0.0.1 at 2015-11-21 12:01:28 +0100
Processing by ArticlesController#index as HTML
  [1m[35mArticle Load (1.0ms)[0m  SELECT "articles".* FROM "articles"
  Rendered articles/index.html.erb within layouts/application (2.0ms)
Completed 200 OK in 57ms (Views: 54.9ms | ActiveRecord: 1.0ms)


Started GET "/articles/1" for 127.0.0.1 at 2015-11-21 12:01:31 +0100
Processing by ArticlesController#show as HTML
  Parameters: {"id"=>"1"}
  [1m[36mArticle Load (1.0ms)[0m  [1mSELECT  "articles".* FROM "articles"  WHERE "articles"."id" = ? LIMIT 1[0m  [["id", 1]]
  [1m[35mComment Load (0.5ms)[0m  SELECT "comments".* FROM "comments"  WHERE "comments"."article_id" = ?  [["article_id", 1]]
  Rendered comments/_comment.html.erb (0.5ms)
  Rendered comments/_form.html.erb (2.5ms)
  Rendered articles/show.html.erb within layouts/application (11.4ms)
Completed 200 OK in 75ms (Views: 71.1ms | ActiveRecord: 1.5ms)


Started GET "/articles" for 127.0.0.1 at 2015-11-21 12:01:33 +0100
Processing by ArticlesController#index as HTML
  [1m[36mArticle Load (0.0ms)[0m  [1mSELECT "articles".* FROM "articles"[0m
  Rendered articles/index.html.erb within layouts/application (2.0ms)
Completed 200 OK in 68ms (Views: 67.0ms | ActiveRecord: 0.0ms)


Started DELETE "/articles/2" for 127.0.0.1 at 2015-11-21 12:05:20 +0100
Processing by ArticlesController#destroy as HTML
  Parameters: {"authenticity_token"=>"PJ/SvB4PTgjZQ06bDKueBspUtB/K1w0ZXBx3QCoZB9o=", "id"=>"2"}
  [1m[35mArticle Load (0.0ms)[0m  SELECT  "articles".* FROM "articles"  WHERE "articles"."id" = ? LIMIT 1  [["id", 2]]
  [1m[36m (0.0ms)[0m  [1mbegin transaction[0m
  [1m[35mComment Load (0.0ms)[0m  SELECT "comments".* FROM "comments"  WHERE "comments"."article_id" = ?  [["article_id", 2]]
  [1m[36mSQL (1.0ms)[0m  [1mDELETE FROM "articles" WHERE "articles"."id" = ?[0m  [["id", 2]]
  [1m[35m (121.0ms)[0m  commit transaction
Redirected to http://127.0.0.1:3000/articles
Completed 302 Found in 133ms (ActiveRecord: 122.0ms)


Started GET "/articles" for 127.0.0.1 at 2015-11-21 12:05:20 +0100
Processing by ArticlesController#index as HTML
  [1m[36mArticle Load (0.0ms)[0m  [1mSELECT "articles".* FROM "articles"[0m
  Rendered articles/index.html.erb within layouts/application (9.0ms)
Completed 200 OK in 70ms (Views: 70.3ms | ActiveRecord: 0.0ms)


Started GET "/assets/comments.css?body=1" for 127.0.0.1 at 2015-11-21 12:05:20 +0100


Started GET "/assets/welcome.css?body=1" for 127.0.0.1 at 2015-11-21 12:05:20 +0100


Started GET "/assets/articles.css?body=1" for 127.0.0.1 at 2015-11-21 12:05:20 +0100


Started GET "/assets/application.css?body=1" for 127.0.0.1 at 2015-11-21 12:05:20 +0100


Started GET "/assets/welcome.js?body=1" for 127.0.0.1 at 2015-11-21 12:05:20 +0100


Started GET "/assets/articles.js?body=1" for 127.0.0.1 at 2015-11-21 12:05:20 +0100


Started GET "/assets/application.js?body=1" for 127.0.0.1 at 2015-11-21 12:05:20 +0100


Started GET "/assets/comments.js?body=1" for 127.0.0.1 at 2015-11-21 12:05:20 +0100
